mode: set
github.com/FazylovAsylkhan/encoderUrl/internal/config/config.go:19.20,20.17 1 0
github.com/FazylovAsylkhan/encoderUrl/internal/config/config.go:20.17,26.25 5 0
github.com/FazylovAsylkhan/encoderUrl/internal/config/config.go:26.25,28.4 1 0
github.com/FazylovAsylkhan/encoderUrl/internal/config/config.go:28.9,30.4 1 0
github.com/FazylovAsylkhan/encoderUrl/internal/config/config.go:32.3,35.4 1 0
github.com/FazylovAsylkhan/encoderUrl/internal/config/config.go:38.2,38.13 1 0
github.com/FazylovAsylkhan/encoderUrl/cmd/main.go:8.13,11.2 2 0
github.com/FazylovAsylkhan/encoderUrl/internal/handlers/http/handler_hash.go:9.70,10.32 1 0
github.com/FazylovAsylkhan/encoderUrl/internal/handlers/http/handler_hash.go:10.32,13.3 2 0
github.com/FazylovAsylkhan/encoderUrl/internal/handlers/http/handler_hash.go:14.2,16.16 3 0
github.com/FazylovAsylkhan/encoderUrl/internal/handlers/http/handler_hash.go:16.16,19.3 2 0
github.com/FazylovAsylkhan/encoderUrl/internal/handlers/http/handler_hash.go:20.2,22.45 3 0
github.com/FazylovAsylkhan/encoderUrl/internal/handlers/http/handler_url.go:9.69,10.33 1 0
github.com/FazylovAsylkhan/encoderUrl/internal/handlers/http/handler_url.go:10.33,13.3 2 0
github.com/FazylovAsylkhan/encoderUrl/internal/handlers/http/handler_url.go:15.2,16.16 2 0
github.com/FazylovAsylkhan/encoderUrl/internal/handlers/http/handler_url.go:16.16,19.3 2 0
github.com/FazylovAsylkhan/encoderUrl/internal/handlers/http/handler_url.go:20.2,26.21 6 0
github.com/FazylovAsylkhan/encoderUrl/internal/handlers/http/main.go:22.40,40.50 7 0
github.com/FazylovAsylkhan/encoderUrl/internal/handlers/http/main.go:40.50,42.3 1 0
github.com/FazylovAsylkhan/encoderUrl/internal/handlers/http/main.go:44.2,47.15 3 0
github.com/FazylovAsylkhan/encoderUrl/internal/logger/handler_logger.go:14.76,15.71 1 0
github.com/FazylovAsylkhan/encoderUrl/internal/logger/handler_logger.go:15.71,25.27 7 0
github.com/FazylovAsylkhan/encoderUrl/internal/logger/handler_logger.go:25.27,36.4 1 0
github.com/FazylovAsylkhan/encoderUrl/internal/logger/handler_logger.go:36.9,47.4 1 0
github.com/FazylovAsylkhan/encoderUrl/internal/logger/handler_logger.go:51.72,65.2 2 0
github.com/FazylovAsylkhan/encoderUrl/internal/logger/main.go:11.27,17.19 5 0
github.com/FazylovAsylkhan/encoderUrl/internal/logger/main.go:17.19,19.6 1 0
github.com/FazylovAsylkhan/encoderUrl/internal/logger/main.go:19.11,21.6 1 0
github.com/FazylovAsylkhan/encoderUrl/internal/logger/main.go:23.2,23.12 1 0
github.com/FazylovAsylkhan/encoderUrl/internal/logger/server_logger.go:17.71,26.2 2 0
github.com/FazylovAsylkhan/encoderUrl/internal/logger/server_logger.go:28.73,33.2 1 0
github.com/FazylovAsylkhan/encoderUrl/cmd/server/main.go:12.35,20.45 5 0
github.com/FazylovAsylkhan/encoderUrl/cmd/server/main.go:20.45,22.3 1 0
github.com/FazylovAsylkhan/encoderUrl/pkg/logger/server_logger.go:17.71,26.2 2 0
github.com/FazylovAsylkhan/encoderUrl/pkg/logger/server_logger.go:28.73,33.2 1 0
github.com/FazylovAsylkhan/encoderUrl/pkg/handlerWrapper/main.go:20.56,22.39 2 0
github.com/FazylovAsylkhan/encoderUrl/pkg/handlerWrapper/main.go:22.39,24.3 1 0
github.com/FazylovAsylkhan/encoderUrl/pkg/handlerWrapper/main.go:25.2,26.35 2 0
github.com/FazylovAsylkhan/encoderUrl/pkg/handlerWrapper/main.go:29.55,32.54 3 0
github.com/FazylovAsylkhan/encoderUrl/pkg/handlerWrapper/main.go:32.54,34.3 1 0
github.com/FazylovAsylkhan/encoderUrl/pkg/handlerWrapper/main.go:35.2,35.43 1 0
github.com/FazylovAsylkhan/encoderUrl/pkg/handlerWrapper/main.go:38.66,46.36 2 0
github.com/FazylovAsylkhan/encoderUrl/pkg/handlerWrapper/main.go:46.36,48.3 1 0
github.com/FazylovAsylkhan/encoderUrl/pkg/handlerWrapper/main.go:50.2,50.19 1 0
github.com/FazylovAsylkhan/encoderUrl/pkg/handlerWrapper/main.go:50.19,54.3 3 0
github.com/FazylovAsylkhan/encoderUrl/pkg/handlerWrapper/main.go:57.2,57.11 1 0
github.com/FazylovAsylkhan/encoderUrl/pkg/handlerWrapper/main.go:60.75,62.34 2 0
github.com/FazylovAsylkhan/encoderUrl/pkg/handlerWrapper/main.go:62.34,63.14 1 0
github.com/FazylovAsylkhan/encoderUrl/pkg/handlerWrapper/main.go:64.67,65.36 1 0
github.com/FazylovAsylkhan/encoderUrl/pkg/handlerWrapper/main.go:68.2,68.12 1 0
github.com/FazylovAsylkhan/encoderUrl/internal/usecase/encoderUrl/decode_url.go:7.66,9.13 2 1
github.com/FazylovAsylkhan/encoderUrl/internal/usecase/encoderUrl/decode_url.go:9.13,11.3 1 1
github.com/FazylovAsylkhan/encoderUrl/internal/usecase/encoderUrl/decode_url.go:13.2,13.17 1 1
github.com/FazylovAsylkhan/encoderUrl/internal/usecase/encoderUrl/encode_url.go:3.56,7.2 3 1
github.com/FazylovAsylkhan/encoderUrl/internal/usecase/encoderUrl/get_hash_from.go:8.37,11.2 2 1
github.com/FazylovAsylkhan/encoderUrl/internal/usecase/encoderUrl/main.go:9.30,14.2 2 1
